<?xml version="1.0" encoding="UTF-8"?>
<!-- Generated by org.testng.reporters.JUnitReportReporter -->
<testsuite skipped="0" hostname="LAPTOP-TFPVS78C" name="com.crm.qa.testcases.HomePageTest" tests="3" failures="0" timestamp="2020-03-02T15:23:25 IST" time="82.901" errors="0">
  <testcase name="verifyHomePageTitleTest" time="27.050" classname="com.crm.qa.testcases.HomePageTest"/>
  <system-out/>
  <testcase name="verifyUserNameTest" time="26.365" classname="com.crm.qa.testcases.HomePageTest"/>
  <system-out/>
  <testcase name="verifyContCtsLinkTest" time="29.486" classname="com.crm.qa.testcases.HomePageTest"/>
  <system-out/>
</testsuite> <!-- com.crm.qa.testcases.HomePageTest -->
