<?xml version="1.0" encoding="UTF-8"?>
<!-- Generated by org.testng.reporters.JUnitReportReporter -->
<testsuite skipped="0" hostname="LAPTOP-TFPVS78C" name="com.crm.qa.testcases.LoginPageTest" tests="3" failures="0" timestamp="11 Mar 2020 03:46:51 GMT" time="85.396" errors="0">
  <testcase name="LoginPageTitleTest" time="25.496" classname="com.crm.qa.testcases.LoginPageTest"/>
  <testcase name="crmLoginImageTest" time="22.022" classname="com.crm.qa.testcases.LoginPageTest"/>
  <testcase name="loginTest" time="37.878" classname="com.crm.qa.testcases.LoginPageTest"/>
</testsuite> <!-- com.crm.qa.testcases.LoginPageTest -->
