<?xml version="1.0" encoding="UTF-8"?>
<!-- Generated by org.testng.reporters.JUnitReportReporter -->
<testsuite skipped="0" hostname="LAPTOP-TFPVS78C" name="com.crm.qa.testcases.HomePageTest" tests="3" failures="0" timestamp="10 Mar 2020 17:05:39 GMT" time="85.255" errors="0">
  <testcase name="verifyHomePageTitleTest" time="33.369" classname="com.crm.qa.testcases.HomePageTest"/>
  <testcase name="verifyUserNameTest" time="27.096" classname="com.crm.qa.testcases.HomePageTest"/>
  <testcase name="verifyContCtsLinkTest" time="24.790" classname="com.crm.qa.testcases.HomePageTest"/>
</testsuite> <!-- com.crm.qa.testcases.HomePageTest -->
