<?xml version="1.0" encoding="UTF-8"?>
<!-- Generated by org.testng.reporters.JUnitReportReporter -->
<testsuite skipped="0" hostname="LAPTOP-TFPVS78C" name="com.crm.qa.testcases.LoginPageTest" tests="3" failures="0" timestamp="2020-03-02T15:23:25 IST" time="54.849" errors="0">
  <testcase name="LoginPageTitleTest" time="14.650" classname="com.crm.qa.testcases.LoginPageTest"/>
  <system-out/>
  <testcase name="crmLoginImageTest" time="15.675" classname="com.crm.qa.testcases.LoginPageTest"/>
  <system-out/>
  <testcase name="loginTest" time="24.524" classname="com.crm.qa.testcases.LoginPageTest"/>
  <system-out/>
</testsuite> <!-- com.crm.qa.testcases.LoginPageTest -->
